<?xml version="1.0" encoding="UTF-8"?>
<testsuite name="CalculatorTest" tests="4" skipped="0" failures="0" errors="0" timestamp="2018-02-18T08:05:01" hostname="betterfly.local" time="0.01">
  <properties/>
  <testcase name="곱셈" classname="CalculatorTest" time="0.002"/>
  <testcase name="덧셈" classname="CalculatorTest" time="0.001"/>
  <testcase name="뺄셈" classname="CalculatorTest" time="0.001"/>
  <testcase name="나눗셈" classname="CalculatorTest" time="0.001"/>
  <system-out><![CDATA[]]></system-out>
  <system-err><![CDATA[]]></system-err>
</testsuite>
